<?xml version="1.0" encoding="UTF-8"?>
<testng-results skipped="0" failed="0" total="1" passed="1">
  <reporter-output>
  </reporter-output>
  <suite name="Product Test Suite" duration-ms="72103" started-at="2020-03-31T10:50:10Z" finished-at="2020-03-31T10:51:22Z">
    <groups>
      <group name="cucumber">
        <method signature="AbstractTestNGCucumberTests.runScenario(io.cucumber.testng.PickleEventWrapper, io.cucumber.testng.CucumberFeatureWrapper)[pri:0, instance:Nexus5xTestRunner@32d992b2]" name="runScenario" class="io.cucumber.testng.AbstractTestNGCucumberTests"/>
      </group> <!-- cucumber -->
    </groups>
    <test name="Product Acceptance Tests" duration-ms="72103" started-at="2020-03-31T10:50:10Z" finished-at="2020-03-31T10:51:22Z">
      <class name="Nexus5xTestRunner">
        <test-method status="PASS" signature="setUpTest()[pri:0, instance:Nexus5xTestRunner@32d992b2]" name="setUpTest" is-config="true" duration-ms="17073" started-at="2020-03-31T11:50:10Z" finished-at="2020-03-31T11:50:27Z">
          <reporter-output>
          </reporter-output>
        </test-method> <!-- setUpTest -->
        <test-method status="PASS" signature="setUpClass()[pri:0, instance:Nexus5xTestRunner@32d992b2]" name="setUpClass" is-config="true" duration-ms="131" started-at="2020-03-31T11:50:27Z" finished-at="2020-03-31T11:50:27Z">
          <reporter-output>
          </reporter-output>
        </test-method> <!-- setUpClass -->
        <test-method status="PASS" signature="runScenario(io.cucumber.testng.PickleEventWrapper, io.cucumber.testng.CucumberFeatureWrapper)[pri:0, instance:Nexus5xTestRunner@32d992b2]" name="runScenario" duration-ms="54073" started-at="2020-03-31T11:50:27Z" description="Runs Cucumber Scenarios" data-provider="scenarios" finished-at="2020-03-31T11:51:21Z">
          <params>
            <param index="0">
              <value>
                <![CDATA["01  Floowdrive home screen verification"]]>
              </value>
            </param>
            <param index="1">
              <value>
                <![CDATA["Homescreen verification of the application"]]>
              </value>
            </param>
          </params>
          <reporter-output>
          </reporter-output>
        </test-method> <!-- runScenario -->
        <test-method status="PASS" signature="tearDownClass()[pri:0, instance:Nexus5xTestRunner@32d992b2]" name="tearDownClass" is-config="true" duration-ms="219" started-at="2020-03-31T11:51:21Z" finished-at="2020-03-31T11:51:22Z">
          <reporter-output>
          </reporter-output>
        </test-method> <!-- tearDownClass -->
        <test-method status="PASS" signature="tearDownTest()[pri:0, instance:Nexus5xTestRunner@32d992b2]" name="tearDownTest" is-config="true" duration-ms="543" started-at="2020-03-31T11:51:22Z" finished-at="2020-03-31T11:51:22Z">
          <reporter-output>
          </reporter-output>
        </test-method> <!-- tearDownTest -->
      </class> <!-- Nexus5xTestRunner -->
    </test> <!-- Product Acceptance Tests -->
  </suite> <!-- Product Test Suite -->
</testng-results>
